#
# There is insufficient memory for the Java Runtime Environment to continue.
# Native memory allocation (malloc) failed to allocate 1048576 bytes for AllocateHeap
# Possible reasons:
#   The system is out of physical RAM or swap space
#   The process is running with CompressedOops enabled, and the Java Heap may be blocking the growth of the native heap
# Possible solutions:
#   Reduce memory load on the system
#   Increase physical memory or swap space
#   Check if swap backing store is full
#   Decrease Java heap size (-Xmx/-Xms)
#   Decrease number of Java threads
#   Decrease Java thread stack sizes (-Xss)
#   Set larger code cache with -XX:ReservedCodeCacheSize=
#   JVM is running with Unscaled Compressed Oops mode in which the Java heap is
#     placed in the first 4GB address space. The Java Heap base address is the
#     maximum limit for the native heap growth. Please use -XX:HeapBaseMinAddress
#     to set the Java Heap base and to place the Java Heap above 4GB virtual address.
# This output file may be truncated or incomplete.
#
#  Out of Memory Error (allocation.cpp:44), pid=16116, tid=15944
#
# JRE version:  (17.0.9+8) (build )
# Java VM: OpenJDK 64-Bit Server VM (17.0.9+8-LTS, mixed mode, sharing, tiered, compressed oops, compressed class ptrs, g1 gc, windows-amd64)
# No core dump will be written. Minidumps are not enabled by default on client versions of Windows
#

---------------  S U M M A R Y ------------

Command Line: -agentlib:jdwp=transport=dt_socket,address=127.0.0.1:2952,suspend=y,server=n -javaagent:C:\Users\Lenovo\AppData\Local\JetBrains\IdeaIC2023.1\captureAgent\debugger-agent.jar -Dfile.encoding=UTF-8 whileAndFor.ForLoopKt

Host: 11th Gen Intel(R) Core(TM) i3-1115G4 @ 3.00GHz, 4 cores, 7G,  Windows 10 , 64 bit Build 19041 (10.0.19041.3636)
Time: Sat Jul  6 17:30:06 2024 West Asia Standard Time elapsed time: 0.020079 seconds (0d 0h 0m 0s)

---------------  T H R E A D  ---------------

Current thread (0x000001056711df60):  JavaThread "Unknown thread" [_thread_in_vm, id=15944, stack(0x00000002cec00000,0x00000002ced00000)]

Stack: [0x00000002cec00000,0x00000002ced00000]
Native frames: (J=compiled Java code, j=interpreted, Vv=VM code, C=native code)
V  [jvm.dll+0x67cb49]
V  [jvm.dll+0x8344da]
V  [jvm.dll+0x835f9e]
V  [jvm.dll+0x836603]
V  [jvm.dll+0x247b5f]
V  [jvm.dll+0xa6b4b]
V  [jvm.dll+0x2e7777]
V  [jvm.dll+0x2df59b]
V  [jvm.dll+0x805d51]
V  [jvm.dll+0x36cb51]
V  [jvm.dll+0x7e47dc]
V  [jvm.dll+0x3f03cf]
V  [jvm.dll+0x3f2001]
C  [jli.dll+0x528f]
C  [ucrtbase.dll+0x21bb2]
C  [KERNEL32.DLL+0x17344]
C  [ntdll.dll+0x526b1]


---------------  P R O C E S S  ---------------

Threads class SMR info:
_java_thread_list=0x00007ffb758cee98, length=0, elements={
}

Java Threads: ( => current thread )

Other Threads:
  0x0000010567176d50 GCTaskThread "GC Thread#0" [stack: 0x00000002ced00000,0x00000002cee00000] [id=12972]

[error occurred during error reporting (printing all threads), id 0xc0000005, EXCEPTION_ACCESS_VIOLATION (0xc0000005) at pc=0x00007ffb7508c6c0]

VM state: not at safepoint (not fully initialized)

VM Mutex/Monitor currently owned by a thread:  ([mutex/lock_event])
[0x000001056711a030] Heap_lock - owner thread: 0x000001056711df60

Heap address: 0x0000000083200000, size: 1998 MB, Compressed Oops mode: 32-bit

CDS archive(s) mapped at: [0x0000000000000000-0x0000000000000000-0x0000000000000000), size 0, SharedBaseAddress: 0x0000000800000000, ArchiveRelocationMode: 1.
Narrow klass base: 0x0000000000000000, Narrow klass shift: 0, Narrow klass range: 0x0

GC Precious Log:
<Empty>

Heap:
 garbage-first heap   total 0K, used 0K [0x0000000083200000, 0x0000000100000000)
  region size 1024K, 0 young (0K), 0 survivors (0K)

[error occurred during error reporting (printing heap information), id 0xc0000005, EXCEPTION_ACCESS_VIOLATION (0xc0000005) at pc=0x00007ffb754768f9]

GC Heap History (0 events):
No events

Dll operation events (2 events):
Event: 0.016 Loaded shared library C:\Users\Lenovo\.jdks\corretto-17.0.9\bin\java.dll
Event: 0.017 Loaded shared library C:\Users\Lenovo\.jdks\corretto-17.0.9\bin\zip.dll

Deoptimization events (0 events):
No events

Classes unloaded (0 events):
No events

Classes redefined (0 events):
No events

Internal exceptions (0 events):
No events

VM Operations (0 events):
No events

Events (0 events):
No events


Dynamic libraries:
0x00007ff64af90000 - 0x00007ff64af9e000 	C:\Users\Lenovo\.jdks\corretto-17.0.9\bin\java.exe
0x00007ffbd11d0000 - 0x00007ffbd13c8000 	C:\Windows\SYSTEM32\ntdll.dll
0x00007ffbd06f0000 - 0x00007ffbd07ad000 	C:\Windows\System32\KERNEL32.DLL
0x00007ffbce920000 - 0x00007ffbcec16000 	C:\Windows\System32\KERNELBASE.dll
0x00007ffbcf040000 - 0x00007ffbcf140000 	C:\Windows\System32\ucrtbase.dll
0x00007ffbbd8b0000 - 0x00007ffbbd8cb000 	C:\Users\Lenovo\.jdks\corretto-17.0.9\bin\VCRUNTIME140.dll
0x00007ffbc01d0000 - 0x00007ffbc01e7000 	C:\Users\Lenovo\.jdks\corretto-17.0.9\bin\jli.dll
0x00007ffbcf4a0000 - 0x00007ffbcf63f000 	C:\Windows\System32\USER32.dll
0x00007ffbce8f0000 - 0x00007ffbce912000 	C:\Windows\System32\win32u.dll
0x00007ffbbb190000 - 0x00007ffbbb42a000 	C:\Windows\WinSxS\amd64_microsoft.windows.common-controls_6595b64144ccf1df_6.0.19041.3636_none_60b6a03d71f818d5\COMCTL32.dll
0x00007ffbcf640000 - 0x00007ffbcf66b000 	C:\Windows\System32\GDI32.dll
0x00007ffbcf2c0000 - 0x00007ffbcf35e000 	C:\Windows\System32\msvcrt.dll
0x00007ffbcee70000 - 0x00007ffbcef87000 	C:\Windows\System32\gdi32full.dll
0x00007ffbce850000 - 0x00007ffbce8ed000 	C:\Windows\System32\msvcp_win.dll
0x00007ffbd06b0000 - 0x00007ffbd06e2000 	C:\Windows\System32\IMM32.DLL
0x00007ffbc0a50000 - 0x00007ffbc0a5c000 	C:\Users\Lenovo\.jdks\corretto-17.0.9\bin\vcruntime140_1.dll
0x00007ffba1560000 - 0x00007ffba15ed000 	C:\Users\Lenovo\.jdks\corretto-17.0.9\bin\msvcp140.dll
0x00007ffb74da0000 - 0x00007ffb75a01000 	C:\Users\Lenovo\.jdks\corretto-17.0.9\bin\server\jvm.dll
0x00007ffbd09b0000 - 0x00007ffbd0a60000 	C:\Windows\System32\ADVAPI32.dll
0x00007ffbd07b0000 - 0x00007ffbd0850000 	C:\Windows\System32\sechost.dll
0x00007ffbd0880000 - 0x00007ffbd09a3000 	C:\Windows\System32\RPCRT4.dll
0x00007ffbcedf0000 - 0x00007ffbcee17000 	C:\Windows\System32\bcrypt.dll
0x00007ffbcdda0000 - 0x00007ffbcddeb000 	C:\Windows\SYSTEM32\POWRPROF.dll
0x00007ffbca0e0000 - 0x00007ffbca0e9000 	C:\Windows\SYSTEM32\WSOCK32.dll
0x00007ffbd0520000 - 0x00007ffbd058b000 	C:\Windows\System32\WS2_32.dll
0x00007ffbc02a0000 - 0x00007ffbc02aa000 	C:\Windows\SYSTEM32\VERSION.dll
0x00007ffbb46d0000 - 0x00007ffbb46f7000 	C:\Windows\SYSTEM32\WINMM.dll
0x00007ffbcdc50000 - 0x00007ffbcdc62000 	C:\Windows\SYSTEM32\UMPDC.dll
0x00007ffbcd050000 - 0x00007ffbcd062000 	C:\Windows\SYSTEM32\kernel.appcore.dll
0x00007ffbbeb80000 - 0x00007ffbbeb8a000 	C:\Users\Lenovo\.jdks\corretto-17.0.9\bin\jimage.dll
0x00007ffbcc410000 - 0x00007ffbcc5f4000 	C:\Windows\SYSTEM32\DBGHELP.DLL
0x00007ffbb91d0000 - 0x00007ffbb9204000 	C:\Windows\SYSTEM32\dbgcore.DLL
0x00007ffbcf140000 - 0x00007ffbcf1c2000 	C:\Windows\System32\bcryptPrimitives.dll
0x00007ffbae8c0000 - 0x00007ffbae8fb000 	C:\Users\Lenovo\.jdks\corretto-17.0.9\bin\jdwp.dll
0x00007ffbc8070000 - 0x00007ffbc807e000 	C:\Users\Lenovo\.jdks\corretto-17.0.9\bin\instrument.dll
0x00007ffbae980000 - 0x00007ffbae9a5000 	C:\Users\Lenovo\.jdks\corretto-17.0.9\bin\java.dll
0x00007ffbae940000 - 0x00007ffbae958000 	C:\Users\Lenovo\.jdks\corretto-17.0.9\bin\zip.dll

dbghelp: loaded successfully - version: 4.0.5 - missing functions: none
symbol engine: initialized successfully - sym options: 0x614 - pdb path: .;C:\Users\Lenovo\.jdks\corretto-17.0.9\bin;C:\Windows\SYSTEM32;C:\Windows\WinSxS\amd64_microsoft.windows.common-controls_6595b64144ccf1df_6.0.19041.3636_none_60b6a03d71f818d5;C:\Users\Lenovo\.jdks\corretto-17.0.9\bin\server

VM Arguments:
jvm_args: -agentlib:jdwp=transport=dt_socket,address=127.0.0.1:2952,suspend=y,server=n -javaagent:C:\Users\Lenovo\AppData\Local\JetBrains\IdeaIC2023.1\captureAgent\debugger-agent.jar -Dfile.encoding=UTF-8 
java_command: whileAndFor.ForLoopKt
java_class_path (initial): C:\Users\Lenovo\IdeaProjects\kotlin_in_action\out\production\kotlin_in_action;C:\Users\Lenovo\.m2\repository\org\jetbrains\kotlin\kotlin-stdlib-jdk8\1.9.22\kotlin-stdlib-jdk8-1.9.22.jar;C:\Users\Lenovo\.m2\repository\org\jetbrains\kotlin\kotlin-stdlib\1.9.22\kotlin-stdlib-1.9.22.jar;C:\Users\Lenovo\.m2\repository\org\jetbrains\annotations\13.0\annotations-13.0.jar;C:\Users\Lenovo\.m2\repository\org\jetbrains\kotlin\kotlin-stdlib-jdk7\1.9.22\kotlin-stdlib-jdk7-1.9.22.jar;C:\Program Files\JetBrains\IntelliJ IDEA Community Edition 2023.1.2\lib\idea_rt.jar
Launcher Type: SUN_STANDARD

[Global flags]
     intx CICompilerCount                          = 3                                         {product} {ergonomic}
     uint ConcGCThreads                            = 1                                         {product} {ergonomic}
     uint G1ConcRefinementThreads                  = 4                                         {product} {ergonomic}
   size_t G1HeapRegionSize                         = 1048576                                   {product} {ergonomic}
    uintx GCDrainStackTargetSize                   = 64                                        {product} {ergonomic}
   size_t InitialHeapSize                          = 132120576                                 {product} {ergonomic}
   size_t MarkStackSize                            = 4194304                                   {product} {ergonomic}
   size_t MaxHeapSize                              = 2095054848                                {product} {ergonomic}
   size_t MinHeapDeltaBytes                        = 1048576                                   {product} {ergonomic}
   size_t MinHeapSize                              = 8388608                                   {product} {ergonomic}
    uintx NonNMethodCodeHeapSize                   = 5832780                                {pd product} {ergonomic}
    uintx NonProfiledCodeHeapSize                  = 122912730                              {pd product} {ergonomic}
    uintx ProfiledCodeHeapSize                     = 122912730                              {pd product} {ergonomic}
    uintx ReservedCodeCacheSize                    = 251658240                              {pd product} {ergonomic}
     bool SegmentedCodeCache                       = true                                      {product} {ergonomic}
   size_t SoftMaxHeapSize                          = 2095054848                             {manageable} {ergonomic}
     bool UseCompressedClassPointers               = true                           {product lp64_product} {ergonomic}
     bool UseCompressedOops                        = true                           {product lp64_product} {ergonomic}
     bool UseG1GC                                  = true                                      {product} {ergonomic}
     bool UseLargePagesIndividualAllocation        = false                                  {pd product} {ergonomic}

Logging:
Log output configuration:
 #0: stdout all=warning uptime,level,tags
 #1: stderr all=off uptime,level,tags

Environment Variables:
PATH=C:\Windows\system32;C:\Windows;C:\Windows\System32\Wbem;C:\Windows\System32\WindowsPowerShell\v1.0\;C:\Windows\System32\OpenSSH\;C:\ProgramData\chocolatey\bin;C:\Program Files\dotnet\;C:\Program Files\Git\cmd;C:\Users\Lenovo\AppData\Local\Microsoft\WindowsApps;C:\Program Files\JetBrains\IntelliJ IDEA Community Edition 2023.1.2\bin;;C:\Users\Lenovo\Documents\flutter_windows_3.13.4-stable\flutter\bin;C:\tools\dart-sdk\bin;C:\Users\Lenovo\AppData\Local\Pub\Cache\bin;;C:\Users\Lenovo\AppData\Local\Programs\Microsoft VS Code\bin
USERNAME=Lenovo
OS=Windows_NT
PROCESSOR_IDENTIFIER=Intel64 Family 6 Model 140 Stepping 1, GenuineIntel
TMP=C:\Users\Lenovo\AppData\Local\Temp
TEMP=C:\Users\Lenovo\AppData\Local\Temp



Periodic native trim disabled


---------------  S Y S T E M  ---------------

OS:
 Windows 10 , 64 bit Build 19041 (10.0.19041.3636)
OS uptime: 1 days 14:23 hours

CPU: total 4 (initial active 4) (2 cores per cpu, 2 threads per core) family 6 model 140 stepping 1 microcode 0xaa, cx8, cmov, fxsr, ht, mmx, 3dnowpref, sse, sse2, sse3, ssse3, sse4.1, sse4.2, popcnt, lzcnt, tsc, tscinvbit, avx, avx2, aes, erms, clmul, bmi1, bmi2, adx, avx512f, avx512dq, avx512cd, avx512bw, avx512vl, sha, fma, vzeroupper, avx512_vpopcntdq, avx512_vpclmulqdq, avx512_vaes, avx512_vnni, clflush, clflushopt, clwb, avx512_vbmi2, avx512_vbmi
Processor Information for all 4 processors :
  Max Mhz: 2995, Current Mhz: 2995, Mhz Limit: 2995

Memory: 4k page, system-wide physical 7991M (561M free)
TotalPageFile size 9777M (AvailPageFile size 5M)
current process WorkingSet (physical memory assigned to process): 10M, peak: 10M
current process commit charge ("private bytes"): 49M, peak: 49M

vm_info: OpenJDK 64-Bit Server VM (17.0.9+8-LTS) for windows-amd64 JRE (17.0.9+8-LTS), built on Oct 12 2023 16:15:33 by "Administrator" with MS VC++ 16.10 / 16.11 (VS2019)

END.
